<?xml version="1.0" encoding="UTF-8"?>
<!-- Generated by org.testng.reporters.JUnitReportReporter -->
<testsuite skipped="0" hostname="ashish" name="scripts.TestLogin" tests="1" failures="0" timestamp="29 Jun 2018 06:08:22 GMT" time="140.194" errors="0">
  <testcase name="testlogin" time="140.194" classname="scripts.TestLogin"/>
</testsuite> <!-- scripts.TestLogin -->
