<?xml version="1.0" encoding="UTF-8"?>
<!-- Generated by org.testng.reporters.JUnitReportReporter -->
<testsuite skipped="0" hostname="ashish" name="scripts.TestLogin" tests="1" failures="0" timestamp="29 Jun 2018 19:54:00 GMT" time="159.718" errors="0">
  <testcase name="testlogin" time="159.718" classname="scripts.TestLogin"/>
</testsuite> <!-- scripts.TestLogin -->
