<?xml version="1.0" encoding="UTF-8"?>
<!-- Generated by org.testng.reporters.JUnitReportReporter -->
<testsuite skipped="0" hostname="ashish" name="scripts.TestLogin" tests="1" failures="0" timestamp="23 Jun 2018 03:34:02 GMT" time="59.845" errors="0">
  <testcase name="testlogin" time="59.845" classname="scripts.TestLogin"/>
</testsuite> <!-- scripts.TestLogin -->
